[2025-02-25 12:18:49] ERROR: createTask - UserID: undefined - Error: Task validation failed: userId: Path `userId` is required., description: Path `description` is required., title: Path `title` is required., taskID: Path `taskID` is required.
[2025-02-25 12:18:54] ERROR: getTasksByUser - UserID: [object Object] - Error: Cast to ObjectId failed for value "<ref *2> IncomingMessage {
  _events: {
    close: undefined,
    error: undefined,
    data: undefined,
    end: undefined,
    readable: undefined
  },
  _readableState: ReadableState {
    highWaterMark: 16384,
    buffer: [],
    bufferIndex: 0,
    length: 0,
    pipes: [],
    awaitDrainWriters: null,
    [Symbol(kState)]: 1315596
  },
  _maxListeners: undefined,
  socket: <ref *1> Socket {
    connecting: false,
    _hadError: false,
    _parent: null,
    _host: null,
    _closeAfterHandlingError: false,
    _events: {
      close: [Array],
      error: [Function: socketOnError],
      prefinish: undefined,
      finish: undefined,
      drain: [Function: bound socketOnDrain],
      data: [Function: bound socketOnData],
      end: [Array],
      readable: undefined,
      timeout: [Function: socketOnTimeout],
      resume: [Function: onSocketResume],
      pause: [Function: onSocketPause]
    },
    _readableState: ReadableState {
      highWaterMark: 16384,
      buffer: [],
      bufferIndex: 0,
      length: 0,
      pipes: [],
      awaitDrainWriters: null,
      [Symbol(kState)]: 193997060
    },
    _writableState: WritableState {
      highWaterMark: 16384,
      length: 0,
      corked: 0,
      onwrite: [Function: bound onwrite],
      writelen: 0,
      bufferedIndex: 0,
      pendingcb: 0,
      [Symbol(kState)]: 17564420,
      [Symbol(kBufferedValue)]: null
    },
    allowHalfOpen: true,
    _maxListeners: undefined,
    _eventsCount: 8,
    _sockname: null,
    _pendingData: null,
    _pendingEncoding: '',
    server: Server {
      maxHeaderSize: undefined,
      insecureHTTPParser: undefined,
      requestTimeout: 300000,
      headersTimeout: 60000,
      keepAliveTimeout: 5000,
      connectionsCheckingInterval: 30000,
      requireHostHeader: true,
      joinDuplicateHeaders: undefined,
      rejectNonStandardBodyWrites: false,
      _events: [Object: null prototype],
      _eventsCount: 3,
      _maxListeners: undefined,
      _connections: 1,
      _handle: [TCP],
      _usingWorkers: false,
      _workers: [],
      _unref: false,
      _listeningId: 1,
      allowHalfOpen: true,
      pauseOnConnect: false,
      noDelay: true,
      keepAlive: false,
      keepAliveInitialDelay: 0,
      highWaterMark: 16384,
      httpAllowHalfOpen: false,
      timeout: 0,
      maxHeadersCount: null,
      maxRequestsPerSocket: 0,
      _connectionKey: '6::::0',
      [Symbol(IncomingMessage)]: [Function: IncomingMessage],
      [Symbol(ServerResponse)]: [Function: ServerResponse],
      [Symbol(shapeMode)]: false,
      [Symbol(kCapture)]: false,
      [Symbol(async_id_symbol)]: 291,
      [Symbol(kUniqueHeaders)]: null,
      [Symbol(http.server.connections)]: ConnectionsList {},
      [Symbol(http.server.connectionsCheckingInterval)]: Timeout {
        _idleTimeout: 30000,
        _idlePrev: [TimersList],
        _idleNext: [Timeout],
        _idleStart: 6763,
        _onTimeout: [Function: bound checkConnections],
        _timerArgs: undefined,
        _repeat: 30000,
        _destroyed: false,
        [Symbol(refed)]: false,
        [Symbol(kHasPrimitive)]: false,
        [Symbol(asyncId)]: 296,
        [Symbol(triggerId)]: 292
      }
    },
    _server: Server {
      maxHeaderSize: undefined,
      insecureHTTPParser: undefined,
      requestTimeout: 300000,
      headersTimeout: 60000,
      keepAliveTimeout: 5000,
      connectionsCheckingInterval: 30000,
      requireHostHeader: true,
      joinDuplicateHeaders: undefined,
      rejectNonStandardBodyWrites: false,
      _events: [Object: null prototype],
      _eventsCount: 3,
      _maxListeners: undefined,
      _connections: 1,
      _handle: [TCP],
      _usingWorkers: false,
      _workers: [],
      _unref: false,
      _listeningId: 1,
      allowHalfOpen: true,
      pauseOnConnect: false,
      noDelay: true,
      keepAlive: false,
      keepAliveInitialDelay: 0,
      highWaterMark: 16384,
      httpAllowHalfOpen: false,
      timeout: 0,
      maxHeadersCount: null,
      maxRequestsPerSocket: 0,
      _connectionKey: '6::::0',
      [Symbol(IncomingMessage)]: [Function: IncomingMessage],
      [Symbol(ServerResponse)]: [Function: ServerResponse],
      [Symbol(shapeMode)]: false,
      [Symbol(kCapture)]: false,
      [Symbol(async_id_symbol)]: 291,
      [Symbol(kUniqueHeaders)]: null,
      [Symbol(http.server.connections)]: ConnectionsList {},
      [Symbol(http.server.connectionsCheckingInterval)]: Timeout {
        _idleTimeout: 30000,
        _idlePrev: [TimersList],
        _idleNext: [Timeout],
        _idleStart: 6763,
        _onTimeout: [Function: bound checkConnections],
        _timerArgs: undefined,
        _repeat: 30000,
        _destroyed: false,
        [Symbol(refed)]: false,
        [Symbol(kHasPrimitive)]: false,
        [Symbol(asyncId)]: 296,
        [Symbol(triggerId)]: 292
      }
    },
    parser: HTTPParser {
      '0': null,
      '1': [Function: parserOnHeaders],
      '2': [Function: parserOnHeadersComplete],
      '3': [Function: parserOnBody],
      '4': [Function: parserOnMessageComplete],
      '5': [Function: bound onParserExecute],
      '6': [Function: bound onParserTimeout],
      _headers: [],
      _url: '',
      socket: [Circular *1],
      incoming: [Circular *2],
      outgoing: null,
      maxHeaderPairs: 2000,
      _consumed: true,
      onIncoming: [Function: bound parserOnIncoming],
      joinDuplicateHeaders: null,
      [Symbol(resource_symbol)]: [HTTPServerAsyncResource]
    },
    on: [Function: socketListenerWrap],
    addListener: [Function: socketListenerWrap],
    prependListener: [Function: socketListenerWrap],
    setEncoding: [Function: socketSetEncoding],
    _paused: false,
    _httpMessage: ServerResponse {
      _events: [Object: null prototype],
      _eventsCount: 1,
      _maxListeners: undefined,
      outputData: [],
      outputSize: 0,
      writable: true,
      destroyed: false,
      _last: false,
      chunkedEncoding: false,
      shouldKeepAlive: false,
      maxRequestsOnConnectionReached: false,
      _defaultKeepAlive: true,
      useChunkedEncodingByDefault: true,
      sendDate: true,
      _removedConnection: false,
      _removedContLen: false,
      _removedTE: false,
      strictContentLength: false,
      _contentLength: null,
      _hasBody: true,
      _trailer: '',
      finished: false,
      _headerSent: false,
      _closed: false,
      socket: [Circular *1],
      _header: null,
      _keepAliveTimeout: 5000,
      _onPendingData: [Function: bound updateOutgoingData],
      req: [Circular *2],
      _sent100: false,
      _expect_continue: false,
      _maxRequestsPerSocket: 0,
      locals: [Object: null prototype] {},
      [Symbol(shapeMode)]: false,
      [Symbol(kCapture)]: false,
      [Symbol(kBytesWritten)]: 0,
      [Symbol(kNeedDrain)]: false,
      [Symbol(corked)]: 0,
      [Symbol(kOutHeaders)]: [Object: null prototype],
      [Symbol(errored)]: null,
      [Symbol(kHighWaterMark)]: 16384,
      [Symbol(kRejectNonStandardBodyWrites)]: false,
      [Symbol(kUniqueHeaders)]: null
    },
    [Symbol(async_id_symbol)]: 300,
    [Symbol(kHandle)]: TCP {
      reading: true,
      onconnection: null,
      _consumed: true,
      [Symbol(owner_symbol)]: [Circular *1]
    },
    [Symbol(lastWriteQueueSize)]: 0,
    [Symbol(timeout)]: null,
    [Symbol(kBuffer)]: null,
    [Symbol(kBufferCb)]: null,
    [Symbol(kBufferGen)]: null,
    [Symbol(shapeMode)]: true,
    [Symbol(kCapture)]: false,
    [Symbol(kSetNoDelay)]: true,
    [Symbol(kSetKeepAlive)]: false,
    [Symbol(kSetKeepAliveInitialDelay)]: 0,
    [Symbol(kBytesRead)]: 0,
    [Symbol(kBytesWritten)]: 0
  },
  httpVersionMajor: 1,
  httpVersionMinor: 1,
  httpVersion: '1.1',
  complete: true,
  rawHeaders: [
    'Host',
    '127.0.0.1:60281',
    'Accept-Encoding',
    'gzip, deflate',
    'Connection',
    'close'
  ],
  rawTrailers: [],
  joinDuplicateHeaders: null,
  aborted: false,
  upgrade: false,
  url: '/undefined',
  method: 'GET',
  statusCode: null,
  statusMessage: null,
  client: <ref *1> Socket {
    connecting: false,
    _hadError: false,
    _parent: null,
    _host: null,
    _closeAfterHandlingError: false,
    _events: {
      close: [Array],
      error: [Function: socketOnError],
      prefinish: undefined,
      finish: undefined,
      drain: [Function: bound socketOnDrain],
      data: [Function: bound socketOnData],
      end: [Array],
      readable: undefined,
      timeout: [Function: socketOnTimeout],
      resume: [Function: onSocketResume],
      pause: [Function: onSocketPause]
    },
    _readableState: ReadableState {
      highWaterMark: 16384,
      buffer: [],
      bufferIndex: 0,
      length: 0,
      pipes: [],
      awaitDrainWriters: null,
      [Symbol(kState)]: 193997060
    },
    _writableState: WritableState {
      highWaterMark: 16384,
      length: 0,
      corked: 0,
      onwrite: [Function: bound onwrite],
      writelen: 0,
      bufferedIndex: 0,
      pendingcb: 0,
      [Symbol(kState)]: 17564420,
      [Symbol(kBufferedValue)]: null
    },
    allowHalfOpen: true,
    _maxListeners: undefined,
    _eventsCount: 8,
    _sockname: null,
    _pendingData: null,
    _pendingEncoding: '',
    server: Server {
      maxHeaderSize: undefined,
      insecureHTTPParser: undefined,
      requestTimeout: 300000,
      headersTimeout: 60000,
      keepAliveTimeout: 5000,
      connectionsCheckingInterval: 30000,
      requireHostHeader: true,
      joinDuplicateHeaders: undefined,
      rejectNonStandardBodyWrites: false,
      _events: [Object: null prototype],
      _eventsCount: 3,
      _maxListeners: undefined,
      _connections: 1,
      _handle: [TCP],
      _usingWorkers: false,
      _workers: [],
      _unref: false,
      _listeningId: 1,
      allowHalfOpen: true,
      pauseOnConnect: false,
      noDelay: true,
      keepAlive: false,
      keepAliveInitialDelay: 0,
      highWaterMark: 16384,
      httpAllowHalfOpen: false,
      timeout: 0,
      maxHeadersCount: null,
      maxRequestsPerSocket: 0,
      _connectionKey: '6::::0',
      [Symbol(IncomingMessage)]: [Function: IncomingMessage],
      [Symbol(ServerResponse)]: [Function: ServerResponse],
      [Symbol(shapeMode)]: false,
      [Symbol(kCapture)]: false,
      [Symbol(async_id_symbol)]: 291,
      [Symbol(kUniqueHeaders)]: null,
      [Symbol(http.server.connections)]: ConnectionsList {},
      [Symbol(http.server.connectionsCheckingInterval)]: Timeout {
        _idleTimeout: 30000,
        _idlePrev: [TimersList],
        _idleNext: [Timeout],
        _idleStart: 6763,
        _onTimeout: [Function: bound checkConnections],
        _timerArgs: undefined,
        _repeat: 30000,
        _destroyed: false,
        [Symbol(refed)]: false,
        [Symbol(kHasPrimitive)]: false,
        [Symbol(asyncId)]: 296,
        [Symbol(triggerId)]: 292
      }
    },
    _server: Server {
      maxHeaderSize: undefined,
      insecureHTTPParser: undefined,
      requestTimeout: 300000,
      headersTimeout: 60000,
      keepAliveTimeout: 5000,
      connectionsCheckingInterval: 30000,
      requireHostHeader: true,
      joinDuplicateHeaders: undefined,
      rejectNonStandardBodyWrites: false,
      _events: [Object: null prototype],
      _eventsCount: 3,
      _maxListeners: undefined,
      _connections: 1,
      _handle: [TCP],
      _usingWorkers: false,
      _workers: [],
      _unref: false,
      _listeningId: 1,
      allowHalfOpen: true,
      pauseOnConnect: false,
      noDelay: true,
      keepAlive: false,
      keepAliveInitialDelay: 0,
      highWaterMark: 16384,
      httpAllowHalfOpen: false,
      timeout: 0,
      maxHeadersCount: null,
      maxRequestsPerSocket: 0,
      _connectionKey: '6::::0',
      [Symbol(IncomingMessage)]: [Function: IncomingMessage],
      [Symbol(ServerResponse)]: [Function: ServerResponse],
      [Symbol(shapeMode)]: false,
      [Symbol(kCapture)]: false,
      [Symbol(async_id_symbol)]: 291,
      [Symbol(kUniqueHeaders)]: null,
      [Symbol(http.server.connections)]: ConnectionsList {},
      [Symbol(http.server.connectionsCheckingInterval)]: Timeout {
        _idleTimeout: 30000,
        _idlePrev: [TimersList],
        _idleNext: [Timeout],
        _idleStart: 6763,
        _onTimeout: [Function: bound checkConnections],
        _timerArgs: undefined,
        _repeat: 30000,
        _destroyed: false,
        [Symbol(refed)]: false,
        [Symbol(kHasPrimitive)]: false,
        [Symbol(asyncId)]: 296,
        [Symbol(triggerId)]: 292
      }
    },
    parser: HTTPParser {
      '0': null,
      '1': [Function: parserOnHeaders],
      '2': [Function: parserOnHeadersComplete],
      '3': [Function: parserOnBody],
      '4': [Function: parserOnMessageComplete],
      '5': [Function: bound onParserExecute],
      '6': [Function: bound onParserTimeout],
      _headers: [],
      _url: '',
      socket: [Circular *1],
      incoming: [Circular *2],
      outgoing: null,
      maxHeaderPairs: 2000,
      _consumed: true,
      onIncoming: [Function: bound parserOnIncoming],
      joinDuplicateHeaders: null,
      [Symbol(resource_symbol)]: [HTTPServerAsyncResource]
    },
    on: [Function: socketListenerWrap],
    addListener: [Function: socketListenerWrap],
    prependListener: [Function: socketListenerWrap],
    setEncoding: [Function: socketSetEncoding],
    _paused: false,
    _httpMessage: ServerResponse {
      _events: [Object: null prototype],
      _eventsCount: 1,
      _maxListeners: undefined,
      outputData: [],
      outputSize: 0,
      writable: true,
      destroyed: false,
      _last: false,
      chunkedEncoding: false,
      shouldKeepAlive: false,
      maxRequestsOnConnectionReached: false,
      _defaultKeepAlive: true,
      useChunkedEncodingByDefault: true,
      sendDate: true,
      _removedConnection: false,
      _removedContLen: false,
      _removedTE: false,
      strictContentLength: false,
      _contentLength: null,
      _hasBody: true,
      _trailer: '',
      finished: false,
      _headerSent: false,
      _closed: false,
      socket: [Circular *1],
      _header: null,
      _keepAliveTimeout: 5000,
      _onPendingData: [Function: bound updateOutgoingData],
      req: [Circular *2],
      _sent100: false,
      _expect_continue: false,
      _maxRequestsPerSocket: 0,
      locals: [Object: null prototype] {},
      [Symbol(shapeMode)]: false,
      [Symbol(kCapture)]: false,
      [Symbol(kBytesWritten)]: 0,
      [Symbol(kNeedDrain)]: false,
      [Symbol(corked)]: 0,
      [Symbol(kOutHeaders)]: [Object: null prototype],
      [Symbol(errored)]: null,
      [Symbol(kHighWaterMark)]: 16384,
      [Symbol(kRejectNonStandardBodyWrites)]: false,
      [Symbol(kUniqueHeaders)]: null
    },
    [Symbol(async_id_symbol)]: 300,
    [Symbol(kHandle)]: TCP {
      reading: true,
      onconnection: null,
      _consumed: true,
      [Symbol(owner_symbol)]: [Circular *1]
    },
    [Symbol(lastWriteQueueSize)]: 0,
    [Symbol(timeout)]: null,
    [Symbol(kBuffer)]: null,
    [Symbol(kBufferCb)]: null,
    [Symbol(kBufferGen)]: null,
    [Symbol(shapeMode)]: true,
    [Symbol(kCapture)]: false,
    [Symbol(kSetNoDelay)]: true,
    [Symbol(kSetKeepAlive)]: false,
    [Symbol(kSetKeepAliveInitialDelay)]: 0,
    [Symbol(kBytesRead)]: 0,
    [Symbol(kBytesWritten)]: 0
  },
  _consuming: false,
  _dumped: false,
  next: [Function: next],
  baseUrl: '/tasks',
  originalUrl: '/tasks/undefined',
  _parsedUrl: Url {
    protocol: null,
    slashes: null,
    auth: null,
    host: null,
    port: null,
    hostname: null,
    hash: null,
    search: null,
    query: null,
    pathname: '/undefined',
    path: '/undefined',
    href: '/undefined',
    _raw: '/undefined'
  },
  params: { userId: 'undefined' },
  query: {},
  res: <ref *3> ServerResponse {
    _events: [Object: null prototype] { finish: [Function: bound resOnFinish] },
    _eventsCount: 1,
    _maxListeners: undefined,
    outputData: [],
    outputSize: 0,
    writable: true,
    destroyed: false,
    _last: false,
    chunkedEncoding: false,
    shouldKeepAlive: false,
    maxRequestsOnConnectionReached: false,
    _defaultKeepAlive: true,
    useChunkedEncodingByDefault: true,
    sendDate: true,
    _removedConnection: false,
    _removedContLen: false,
    _removedTE: false,
    strictContentLength: false,
    _contentLength: null,
    _hasBody: true,
    _trailer: '',
    finished: false,
    _headerSent: false,
    _closed: false,
    socket: <ref *1> Socket {
      connecting: false,
      _hadError: false,
      _parent: null,
      _host: null,
      _closeAfterHandlingError: false,
      _events: [Object],
      _readableState: [ReadableState],
      _writableState: [WritableState],
      allowHalfOpen: true,
      _maxListeners: undefined,
      _eventsCount: 8,
      _sockname: null,
      _pendingData: null,
      _pendingEncoding: '',
      server: [Server],
      _server: [Server],
      parser: [HTTPParser],
      on: [Function: socketListenerWrap],
      addListener: [Function: socketListenerWrap],
      prependListener: [Function: socketListenerWrap],
      setEncoding: [Function: socketSetEncoding],
      _paused: false,
      _httpMessage: [Circular *3],
      [Symbol(async_id_symbol)]: 300,
      [Symbol(kHandle)]: [TCP],
      [Symbol(lastWriteQueueSize)]: 0,
      [Symbol(timeout)]: null,
      [Symbol(kBuffer)]: null,
      [Symbol(kBufferCb)]: null,
      [Symbol(kBufferGen)]: null,
      [Symbol(shapeMode)]: true,
      [Symbol(kCapture)]: false,
      [Symbol(kSetNoDelay)]: true,
      [Symbol(kSetKeepAlive)]: false,
      [Symbol(kSetKeepAliveInitialDelay)]: 0,
      [Symbol(kBytesRead)]: 0,
      [Symbol(kBytesWritten)]: 0
    },
    _header: null,
    _keepAliveTimeout: 5000,
    _onPendingData: [Function: bound updateOutgoingData],
    req: [Circular *2],
    _sent100: false,
    _expect_continue: false,
    _maxRequestsPerSocket: 0,
    locals: [Object: null prototype] {},
    [Symbol(shapeMode)]: false,
    [Symbol(kCapture)]: false,
    [Symbol(kBytesWritten)]: 0,
    [Symbol(kNeedDrain)]: false,
    [Symbol(corked)]: 0,
    [Symbol(kOutHeaders)]: [Object: null prototype] {
      'x-powered-by': [Array],
      'access-control-allow-origin': [Array],
      vary: [Array]
    },
    [Symbol(errored)]: null,
    [Symbol(kHighWaterMark)]: 16384,
    [Symbol(kRejectNonStandardBodyWrites)]: false,
    [Symbol(kUniqueHeaders)]: null
  },
  route: Route {
    path: '/:userId',
    stack: [ [Layer] ],
    methods: { get: true }
  },
  [Symbol(shapeMode)]: true,
  [Symbol(kCapture)]: false,
  [Symbol(kHeaders)]: {
    host: '127.0.0.1:60281',
    'accept-encoding': 'gzip, deflate',
    connection: 'close'
  },
  [Symbol(kHeadersCount)]: 6,
  [Symbol(kTrailers)]: null,
  [Symbol(kTrailersCount)]: 0
}" (type IncomingMessage) at path "userId" for model "Task"
[2025-02-25 12:18:59] ERROR: updateTaskStatus - TaskID: [object Object] - Error: a circular reference in the update value, updateValue:
{
  status: ServerResponse {
    _events: [Object: null prototype],
    _eventsCount: 1,
    _maxListeners: undefined,
    outputData: [],
    outputSize: 0,
    writable: true,
    destroyed: false,
    _last: false,
    chunkedEncoding: false,
    shouldKeepAlive: false,
    maxRequestsOnConnectionReached: false,
    _defaultKeepAlive: true,
    useChunkedEncodingByDefault: true,
    sendDate: true,
    _removedConnection: false,
    _removedContLen: false,
    _removedTE: false,
    strictContentLength: false,
    _contentLength: null,
    _hasBody: true,
    _trailer: '',
    finished: false,
    _headerSent: false,
    _closed: false,
    socket: [Socket],
    _header: null,
    _keepAliveTimeout: 5000,
    _onPendingData: [Function: bound updateOutgoingData],
    req: [IncomingMessage],
    _sent100: false,
    _expect_continue: false,
    _maxRequestsPerSocket: 0,
    locals: [Object: null prototype] {},
    [Symbol(shapeMode)]: false,
    [Symbol(kCapture)]: false,
    [Symbol(kBytesWritten)]: 0,
    [Symbol(kNeedDrain)]: false,
    [Symbol(corked)]: 0,
    [Symbol(kOutHeaders)]: [Object: null prototype],
    [Symbol(errored)]: null,
    [Symbol(kHighWaterMark)]: 16384,
    [Symbol(kRejectNonStandardBodyWrites)]: false,
    [Symbol(kUniqueHeaders)]: null
  }
}
updatePath: ''
[2025-02-25 12:19:04] ERROR: deleteTask - TaskID: [object Object] - Error: Cast to ObjectId failed for value "<ref *2> IncomingMessage {
  _events: {
    close: undefined,
    error: undefined,
    data: undefined,
    end: undefined,
    readable: undefined
  },
  _readableState: ReadableState {
    highWaterMark: 16384,
    buffer: [],
    bufferIndex: 0,
    length: 0,
    pipes: [],
    awaitDrainWriters: null,
    [Symbol(kState)]: 1315596
  },
  _maxListeners: undefined,
  socket: <ref *1> Socket {
    connecting: false,
    _hadError: false,
    _parent: null,
    _host: null,
    _closeAfterHandlingError: false,
    _events: {
      close: [Array],
      error: [Function: socketOnError],
      prefinish: undefined,
      finish: undefined,
      drain: [Function: bound socketOnDrain],
      data: [Function: bound socketOnData],
      end: [Array],
      readable: undefined,
      timeout: [Function: socketOnTimeout],
      resume: [Function: onSocketResume],
      pause: [Function: onSocketPause]
    },
    _readableState: ReadableState {
      highWaterMark: 16384,
      buffer: [],
      bufferIndex: 0,
      length: 0,
      pipes: [],
      awaitDrainWriters: null,
      [Symbol(kState)]: 193997060
    },
    _writableState: WritableState {
      highWaterMark: 16384,
      length: 0,
      corked: 0,
      onwrite: [Function: bound onwrite],
      writelen: 0,
      bufferedIndex: 0,
      pendingcb: 0,
      [Symbol(kState)]: 17564420,
      [Symbol(kBufferedValue)]: null
    },
    allowHalfOpen: true,
    _maxListeners: undefined,
    _eventsCount: 8,
    _sockname: null,
    _pendingData: null,
    _pendingEncoding: '',
    server: Server {
      maxHeaderSize: undefined,
      insecureHTTPParser: undefined,
      requestTimeout: 300000,
      headersTimeout: 60000,
      keepAliveTimeout: 5000,
      connectionsCheckingInterval: 30000,
      requireHostHeader: true,
      joinDuplicateHeaders: undefined,
      rejectNonStandardBodyWrites: false,
      _events: [Object: null prototype],
      _eventsCount: 3,
      _maxListeners: undefined,
      _connections: 1,
      _handle: [TCP],
      _usingWorkers: false,
      _workers: [],
      _unref: false,
      _listeningId: 1,
      allowHalfOpen: true,
      pauseOnConnect: false,
      noDelay: true,
      keepAlive: false,
      keepAliveInitialDelay: 0,
      highWaterMark: 16384,
      httpAllowHalfOpen: false,
      timeout: 0,
      maxHeadersCount: null,
      maxRequestsPerSocket: 0,
      _connectionKey: '6::::0',
      [Symbol(IncomingMessage)]: [Function: IncomingMessage],
      [Symbol(ServerResponse)]: [Function: ServerResponse],
      [Symbol(shapeMode)]: false,
      [Symbol(kCapture)]: false,
      [Symbol(async_id_symbol)]: 352,
      [Symbol(kUniqueHeaders)]: null,
      [Symbol(http.server.connections)]: ConnectionsList {},
      [Symbol(http.server.connectionsCheckingInterval)]: Timeout {
        _idleTimeout: 30000,
        _idlePrev: [TimersList],
        _idleNext: [Timeout],
        _idleStart: 16775,
        _onTimeout: [Function: bound checkConnections],
        _timerArgs: undefined,
        _repeat: 30000,
        _destroyed: false,
        [Symbol(refed)]: false,
        [Symbol(kHasPrimitive)]: false,
        [Symbol(asyncId)]: 357,
        [Symbol(triggerId)]: 353
      }
    },
    _server: Server {
      maxHeaderSize: undefined,
      insecureHTTPParser: undefined,
      requestTimeout: 300000,
      headersTimeout: 60000,
      keepAliveTimeout: 5000,
      connectionsCheckingInterval: 30000,
      requireHostHeader: true,
      joinDuplicateHeaders: undefined,
      rejectNonStandardBodyWrites: false,
      _events: [Object: null prototype],
      _eventsCount: 3,
      _maxListeners: undefined,
      _connections: 1,
      _handle: [TCP],
      _usingWorkers: false,
      _workers: [],
      _unref: false,
      _listeningId: 1,
      allowHalfOpen: true,
      pauseOnConnect: false,
      noDelay: true,
      keepAlive: false,
      keepAliveInitialDelay: 0,
      highWaterMark: 16384,
      httpAllowHalfOpen: false,
      timeout: 0,
      maxHeadersCount: null,
      maxRequestsPerSocket: 0,
      _connectionKey: '6::::0',
      [Symbol(IncomingMessage)]: [Function: IncomingMessage],
      [Symbol(ServerResponse)]: [Function: ServerResponse],
      [Symbol(shapeMode)]: false,
      [Symbol(kCapture)]: false,
      [Symbol(async_id_symbol)]: 352,
      [Symbol(kUniqueHeaders)]: null,
      [Symbol(http.server.connections)]: ConnectionsList {},
      [Symbol(http.server.connectionsCheckingInterval)]: Timeout {
        _idleTimeout: 30000,
        _idlePrev: [TimersList],
        _idleNext: [Timeout],
        _idleStart: 16775,
        _onTimeout: [Function: bound checkConnections],
        _timerArgs: undefined,
        _repeat: 30000,
        _destroyed: false,
        [Symbol(refed)]: false,
        [Symbol(kHasPrimitive)]: false,
        [Symbol(asyncId)]: 357,
        [Symbol(triggerId)]: 353
      }
    },
    parser: HTTPParser {
      '0': null,
      '1': [Function: parserOnHeaders],
      '2': [Function: parserOnHeadersComplete],
      '3': [Function: parserOnBody],
      '4': [Function: parserOnMessageComplete],
      '5': [Function: bound onParserExecute],
      '6': [Function: bound onParserTimeout],
      _headers: [],
      _url: '',
      socket: [Circular *1],
      incoming: [Circular *2],
      outgoing: null,
      maxHeaderPairs: 2000,
      _consumed: true,
      onIncoming: [Function: bound parserOnIncoming],
      joinDuplicateHeaders: null,
      [Symbol(resource_symbol)]: [HTTPServerAsyncResource]
    },
    on: [Function: socketListenerWrap],
    addListener: [Function: socketListenerWrap],
    prependListener: [Function: socketListenerWrap],
    setEncoding: [Function: socketSetEncoding],
    _paused: false,
    _httpMessage: ServerResponse {
      _events: [Object: null prototype],
      _eventsCount: 1,
      _maxListeners: undefined,
      outputData: [],
      outputSize: 0,
      writable: true,
      destroyed: false,
      _last: false,
      chunkedEncoding: false,
      shouldKeepAlive: false,
      maxRequestsOnConnectionReached: false,
      _defaultKeepAlive: true,
      useChunkedEncodingByDefault: true,
      sendDate: true,
      _removedConnection: false,
      _removedContLen: false,
      _removedTE: false,
      strictContentLength: false,
      _contentLength: null,
      _hasBody: true,
      _trailer: '',
      finished: false,
      _headerSent: false,
      _closed: false,
      socket: [Circular *1],
      _header: null,
      _keepAliveTimeout: 5000,
      _onPendingData: [Function: bound updateOutgoingData],
      req: [Circular *2],
      _sent100: false,
      _expect_continue: false,
      _maxRequestsPerSocket: 0,
      locals: [Object: null prototype] {},
      [Symbol(shapeMode)]: false,
      [Symbol(kCapture)]: false,
      [Symbol(kBytesWritten)]: 0,
      [Symbol(kNeedDrain)]: false,
      [Symbol(corked)]: 0,
      [Symbol(kOutHeaders)]: [Object: null prototype],
      [Symbol(errored)]: null,
      [Symbol(kHighWaterMark)]: 16384,
      [Symbol(kRejectNonStandardBodyWrites)]: false,
      [Symbol(kUniqueHeaders)]: null
    },
    [Symbol(async_id_symbol)]: 361,
    [Symbol(kHandle)]: TCP {
      reading: true,
      onconnection: null,
      _consumed: true,
      [Symbol(owner_symbol)]: [Circular *1]
    },
    [Symbol(lastWriteQueueSize)]: 0,
    [Symbol(timeout)]: null,
    [Symbol(kBuffer)]: null,
    [Symbol(kBufferCb)]: null,
    [Symbol(kBufferGen)]: null,
    [Symbol(shapeMode)]: true,
    [Symbol(kCapture)]: false,
    [Symbol(kSetNoDelay)]: true,
    [Symbol(kSetKeepAlive)]: false,
    [Symbol(kSetKeepAliveInitialDelay)]: 0,
    [Symbol(kBytesRead)]: 0,
    [Symbol(kBytesWritten)]: 0
  },
  httpVersionMajor: 1,
  httpVersionMinor: 1,
  httpVersion: '1.1',
  complete: true,
  rawHeaders: [
    'Host',
    '127.0.0.1:60286',
    'Accept-Encoding',
    'gzip, deflate',
    'Connection',
    'close'
  ],
  rawTrailers: [],
  joinDuplicateHeaders: null,
  aborted: false,
  upgrade: false,
  url: '/undefined',
  method: 'DELETE',
  statusCode: null,
  statusMessage: null,
  client: <ref *1> Socket {
    connecting: false,
    _hadError: false,
    _parent: null,
    _host: null,
    _closeAfterHandlingError: false,
    _events: {
      close: [Array],
      error: [Function: socketOnError],
      prefinish: undefined,
      finish: undefined,
      drain: [Function: bound socketOnDrain],
      data: [Function: bound socketOnData],
      end: [Array],
      readable: undefined,
      timeout: [Function: socketOnTimeout],
      resume: [Function: onSocketResume],
      pause: [Function: onSocketPause]
    },
    _readableState: ReadableState {
      highWaterMark: 16384,
      buffer: [],
      bufferIndex: 0,
      length: 0,
      pipes: [],
      awaitDrainWriters: null,
      [Symbol(kState)]: 193997060
    },
    _writableState: WritableState {
      highWaterMark: 16384,
      length: 0,
      corked: 0,
      onwrite: [Function: bound onwrite],
      writelen: 0,
      bufferedIndex: 0,
      pendingcb: 0,
      [Symbol(kState)]: 17564420,
      [Symbol(kBufferedValue)]: null
    },
    allowHalfOpen: true,
    _maxListeners: undefined,
    _eventsCount: 8,
    _sockname: null,
    _pendingData: null,
    _pendingEncoding: '',
    server: Server {
      maxHeaderSize: undefined,
      insecureHTTPParser: undefined,
      requestTimeout: 300000,
      headersTimeout: 60000,
      keepAliveTimeout: 5000,
      connectionsCheckingInterval: 30000,
      requireHostHeader: true,
      joinDuplicateHeaders: undefined,
      rejectNonStandardBodyWrites: false,
      _events: [Object: null prototype],
      _eventsCount: 3,
      _maxListeners: undefined,
      _connections: 1,
      _handle: [TCP],
      _usingWorkers: false,
      _workers: [],
      _unref: false,
      _listeningId: 1,
      allowHalfOpen: true,
      pauseOnConnect: false,
      noDelay: true,
      keepAlive: false,
      keepAliveInitialDelay: 0,
      highWaterMark: 16384,
      httpAllowHalfOpen: false,
      timeout: 0,
      maxHeadersCount: null,
      maxRequestsPerSocket: 0,
      _connectionKey: '6::::0',
      [Symbol(IncomingMessage)]: [Function: IncomingMessage],
      [Symbol(ServerResponse)]: [Function: ServerResponse],
      [Symbol(shapeMode)]: false,
      [Symbol(kCapture)]: false,
      [Symbol(async_id_symbol)]: 352,
      [Symbol(kUniqueHeaders)]: null,
      [Symbol(http.server.connections)]: ConnectionsList {},
      [Symbol(http.server.connectionsCheckingInterval)]: Timeout {
        _idleTimeout: 30000,
        _idlePrev: [TimersList],
        _idleNext: [Timeout],
        _idleStart: 16775,
        _onTimeout: [Function: bound checkConnections],
        _timerArgs: undefined,
        _repeat: 30000,
        _destroyed: false,
        [Symbol(refed)]: false,
        [Symbol(kHasPrimitive)]: false,
        [Symbol(asyncId)]: 357,
        [Symbol(triggerId)]: 353
      }
    },
    _server: Server {
      maxHeaderSize: undefined,
      insecureHTTPParser: undefined,
      requestTimeout: 300000,
      headersTimeout: 60000,
      keepAliveTimeout: 5000,
      connectionsCheckingInterval: 30000,
      requireHostHeader: true,
      joinDuplicateHeaders: undefined,
      rejectNonStandardBodyWrites: false,
      _events: [Object: null prototype],
      _eventsCount: 3,
      _maxListeners: undefined,
      _connections: 1,
      _handle: [TCP],
      _usingWorkers: false,
      _workers: [],
      _unref: false,
      _listeningId: 1,
      allowHalfOpen: true,
      pauseOnConnect: false,
      noDelay: true,
      keepAlive: false,
      keepAliveInitialDelay: 0,
      highWaterMark: 16384,
      httpAllowHalfOpen: false,
      timeout: 0,
      maxHeadersCount: null,
      maxRequestsPerSocket: 0,
      _connectionKey: '6::::0',
      [Symbol(IncomingMessage)]: [Function: IncomingMessage],
      [Symbol(ServerResponse)]: [Function: ServerResponse],
      [Symbol(shapeMode)]: false,
      [Symbol(kCapture)]: false,
      [Symbol(async_id_symbol)]: 352,
      [Symbol(kUniqueHeaders)]: null,
      [Symbol(http.server.connections)]: ConnectionsList {},
      [Symbol(http.server.connectionsCheckingInterval)]: Timeout {
        _idleTimeout: 30000,
        _idlePrev: [TimersList],
        _idleNext: [Timeout],
        _idleStart: 16775,
        _onTimeout: [Function: bound checkConnections],
        _timerArgs: undefined,
        _repeat: 30000,
        _destroyed: false,
        [Symbol(refed)]: false,
        [Symbol(kHasPrimitive)]: false,
        [Symbol(asyncId)]: 357,
        [Symbol(triggerId)]: 353
      }
    },
    parser: HTTPParser {
      '0': null,
      '1': [Function: parserOnHeaders],
      '2': [Function: parserOnHeadersComplete],
      '3': [Function: parserOnBody],
      '4': [Function: parserOnMessageComplete],
      '5': [Function: bound onParserExecute],
      '6': [Function: bound onParserTimeout],
      _headers: [],
      _url: '',
      socket: [Circular *1],
      incoming: [Circular *2],
      outgoing: null,
      maxHeaderPairs: 2000,
      _consumed: true,
      onIncoming: [Function: bound parserOnIncoming],
      joinDuplicateHeaders: null,
      [Symbol(resource_symbol)]: [HTTPServerAsyncResource]
    },
    on: [Function: socketListenerWrap],
    addListener: [Function: socketListenerWrap],
    prependListener: [Function: socketListenerWrap],
    setEncoding: [Function: socketSetEncoding],
    _paused: false,
    _httpMessage: ServerResponse {
      _events: [Object: null prototype],
      _eventsCount: 1,
      _maxListeners: undefined,
      outputData: [],
      outputSize: 0,
      writable: true,
      destroyed: false,
      _last: false,
      chunkedEncoding: false,
      shouldKeepAlive: false,
      maxRequestsOnConnectionReached: false,
      _defaultKeepAlive: true,
      useChunkedEncodingByDefault: true,
      sendDate: true,
      _removedConnection: false,
      _removedContLen: false,
      _removedTE: false,
      strictContentLength: false,
      _contentLength: null,
      _hasBody: true,
      _trailer: '',
      finished: false,
      _headerSent: false,
      _closed: false,
      socket: [Circular *1],
      _header: null,
      _keepAliveTimeout: 5000,
      _onPendingData: [Function: bound updateOutgoingData],
      req: [Circular *2],
      _sent100: false,
      _expect_continue: false,
      _maxRequestsPerSocket: 0,
      locals: [Object: null prototype] {},
      [Symbol(shapeMode)]: false,
      [Symbol(kCapture)]: false,
      [Symbol(kBytesWritten)]: 0,
      [Symbol(kNeedDrain)]: false,
      [Symbol(corked)]: 0,
      [Symbol(kOutHeaders)]: [Object: null prototype],
      [Symbol(errored)]: null,
      [Symbol(kHighWaterMark)]: 16384,
      [Symbol(kRejectNonStandardBodyWrites)]: false,
      [Symbol(kUniqueHeaders)]: null
    },
    [Symbol(async_id_symbol)]: 361,
    [Symbol(kHandle)]: TCP {
      reading: true,
      onconnection: null,
      _consumed: true,
      [Symbol(owner_symbol)]: [Circular *1]
    },
    [Symbol(lastWriteQueueSize)]: 0,
    [Symbol(timeout)]: null,
    [Symbol(kBuffer)]: null,
    [Symbol(kBufferCb)]: null,
    [Symbol(kBufferGen)]: null,
    [Symbol(shapeMode)]: true,
    [Symbol(kCapture)]: false,
    [Symbol(kSetNoDelay)]: true,
    [Symbol(kSetKeepAlive)]: false,
    [Symbol(kSetKeepAliveInitialDelay)]: 0,
    [Symbol(kBytesRead)]: 0,
    [Symbol(kBytesWritten)]: 0
  },
  _consuming: false,
  _dumped: false,
  next: [Function: next],
  baseUrl: '/tasks',
  originalUrl: '/tasks/undefined',
  _parsedUrl: Url {
    protocol: null,
    slashes: null,
    auth: null,
    host: null,
    port: null,
    hostname: null,
    hash: null,
    search: null,
    query: null,
    pathname: '/undefined',
    path: '/undefined',
    href: '/undefined',
    _raw: '/undefined'
  },
  params: { taskId: 'undefined' },
  query: {},
  res: <ref *3> ServerResponse {
    _events: [Object: null prototype] { finish: [Function: bound resOnFinish] },
    _eventsCount: 1,
    _maxListeners: undefined,
    outputData: [],
    outputSize: 0,
    writable: true,
    destroyed: false,
    _last: false,
    chunkedEncoding: false,
    shouldKeepAlive: false,
    maxRequestsOnConnectionReached: false,
    _defaultKeepAlive: true,
    useChunkedEncodingByDefault: true,
    sendDate: true,
    _removedConnection: false,
    _removedContLen: false,
    _removedTE: false,
    strictContentLength: false,
    _contentLength: null,
    _hasBody: true,
    _trailer: '',
    finished: false,
    _headerSent: false,
    _closed: false,
    socket: <ref *1> Socket {
      connecting: false,
      _hadError: false,
      _parent: null,
      _host: null,
      _closeAfterHandlingError: false,
      _events: [Object],
      _readableState: [ReadableState],
      _writableState: [WritableState],
      allowHalfOpen: true,
      _maxListeners: undefined,
      _eventsCount: 8,
      _sockname: null,
      _pendingData: null,
      _pendingEncoding: '',
      server: [Server],
      _server: [Server],
      parser: [HTTPParser],
      on: [Function: socketListenerWrap],
      addListener: [Function: socketListenerWrap],
      prependListener: [Function: socketListenerWrap],
      setEncoding: [Function: socketSetEncoding],
      _paused: false,
      _httpMessage: [Circular *3],
      [Symbol(async_id_symbol)]: 361,
      [Symbol(kHandle)]: [TCP],
      [Symbol(lastWriteQueueSize)]: 0,
      [Symbol(timeout)]: null,
      [Symbol(kBuffer)]: null,
      [Symbol(kBufferCb)]: null,
      [Symbol(kBufferGen)]: null,
      [Symbol(shapeMode)]: true,
      [Symbol(kCapture)]: false,
      [Symbol(kSetNoDelay)]: true,
      [Symbol(kSetKeepAlive)]: false,
      [Symbol(kSetKeepAliveInitialDelay)]: 0,
      [Symbol(kBytesRead)]: 0,
      [Symbol(kBytesWritten)]: 0
    },
    _header: null,
    _keepAliveTimeout: 5000,
    _onPendingData: [Function: bound updateOutgoingData],
    req: [Circular *2],
    _sent100: false,
    _expect_continue: false,
    _maxRequestsPerSocket: 0,
    locals: [Object: null prototype] {},
    [Symbol(shapeMode)]: false,
    [Symbol(kCapture)]: false,
    [Symbol(kBytesWritten)]: 0,
    [Symbol(kNeedDrain)]: false,
    [Symbol(corked)]: 0,
    [Symbol(kOutHeaders)]: [Object: null prototype] {
      'x-powered-by': [Array],
      'access-control-allow-origin': [Array],
      vary: [Array]
    },
    [Symbol(errored)]: null,
    [Symbol(kHighWaterMark)]: 16384,
    [Symbol(kRejectNonStandardBodyWrites)]: false,
    [Symbol(kUniqueHeaders)]: null
  },
  route: Route {
    path: '/:taskId',
    stack: [ [Layer] ],
    methods: { delete: true }
  },
  [Symbol(shapeMode)]: true,
  [Symbol(kCapture)]: false,
  [Symbol(kHeaders)]: {
    host: '127.0.0.1:60286',
    'accept-encoding': 'gzip, deflate',
    connection: 'close'
  },
  [Symbol(kHeadersCount)]: 6,
  [Symbol(kTrailers)]: null,
  [Symbol(kTrailersCount)]: 0
}" (type IncomingMessage) at path "_id" for model "Task"
[2025-02-28 15:16:30] ERROR: updateTaskStatus - TaskID: [object Object] - Error: a circular reference in the update value, updateValue:
{
  status: ServerResponse {
    _events: [Object: null prototype],
    _eventsCount: 1,
    _maxListeners: undefined,
    outputData: [],
    outputSize: 0,
    writable: true,
    destroyed: false,
    _last: false,
    chunkedEncoding: false,
    shouldKeepAlive: true,
    maxRequestsOnConnectionReached: false,
    _defaultKeepAlive: true,
    useChunkedEncodingByDefault: true,
    sendDate: true,
    _removedConnection: false,
    _removedContLen: false,
    _removedTE: false,
    strictContentLength: false,
    _contentLength: null,
    _hasBody: true,
    _trailer: '',
    finished: false,
    _headerSent: false,
    _closed: false,
    _header: null,
    _keepAliveTimeout: 5000,
    _onPendingData: [Function: bound updateOutgoingData],
    req: [IncomingMessage],
    _sent100: false,
    _expect_continue: false,
    _maxRequestsPerSocket: 0,
    locals: [Object: null prototype] {},
    [Symbol(shapeMode)]: false,
    [Symbol(kCapture)]: false,
    [Symbol(kBytesWritten)]: 0,
    [Symbol(kNeedDrain)]: false,
    [Symbol(corked)]: 0,
    [Symbol(kChunkedBuffer)]: [],
    [Symbol(kChunkedLength)]: 0,
    [Symbol(kSocket)]: [Socket],
    [Symbol(kOutHeaders)]: [Object: null prototype],
    [Symbol(errored)]: null,
    [Symbol(kHighWaterMark)]: 16384,
    [Symbol(kRejectNonStandardBodyWrites)]: false,
    [Symbol(kUniqueHeaders)]: null
  }
}
updatePath: ''
[2025-02-28 15:16:59] ERROR: updateTaskStatus - TaskID: [object Object] - Error: a circular reference in the update value, updateValue:
{
  status: ServerResponse {
    _events: [Object: null prototype],
    _eventsCount: 1,
    _maxListeners: undefined,
    outputData: [],
    outputSize: 0,
    writable: true,
    destroyed: false,
    _last: false,
    chunkedEncoding: false,
    shouldKeepAlive: true,
    maxRequestsOnConnectionReached: false,
    _defaultKeepAlive: true,
    useChunkedEncodingByDefault: true,
    sendDate: true,
    _removedConnection: false,
    _removedContLen: false,
    _removedTE: false,
    strictContentLength: false,
    _contentLength: null,
    _hasBody: true,
    _trailer: '',
    finished: false,
    _headerSent: false,
    _closed: false,
    _header: null,
    _keepAliveTimeout: 5000,
    _onPendingData: [Function: bound updateOutgoingData],
    req: [IncomingMessage],
    _sent100: false,
    _expect_continue: false,
    _maxRequestsPerSocket: 0,
    locals: [Object: null prototype] {},
    [Symbol(shapeMode)]: false,
    [Symbol(kCapture)]: false,
    [Symbol(kBytesWritten)]: 0,
    [Symbol(kNeedDrain)]: false,
    [Symbol(corked)]: 0,
    [Symbol(kChunkedBuffer)]: [],
    [Symbol(kChunkedLength)]: 0,
    [Symbol(kSocket)]: [Socket],
    [Symbol(kOutHeaders)]: [Object: null prototype],
    [Symbol(errored)]: null,
    [Symbol(kHighWaterMark)]: 16384,
    [Symbol(kRejectNonStandardBodyWrites)]: false,
    [Symbol(kUniqueHeaders)]: null
  }
}
updatePath: ''
[2025-02-28 15:16:59] ERROR: updateTaskStatus - TaskID: [object Object] - Error: a circular reference in the update value, updateValue:
{
  status: ServerResponse {
    _events: [Object: null prototype],
    _eventsCount: 1,
    _maxListeners: undefined,
    outputData: [],
    outputSize: 0,
    writable: true,
    destroyed: false,
    _last: false,
    chunkedEncoding: false,
    shouldKeepAlive: true,
    maxRequestsOnConnectionReached: false,
    _defaultKeepAlive: true,
    useChunkedEncodingByDefault: true,
    sendDate: true,
    _removedConnection: false,
    _removedContLen: false,
    _removedTE: false,
    strictContentLength: false,
    _contentLength: null,
    _hasBody: true,
    _trailer: '',
    finished: false,
    _headerSent: false,
    _closed: false,
    _header: null,
    _keepAliveTimeout: 5000,
    _onPendingData: [Function: bound updateOutgoingData],
    req: [IncomingMessage],
    _sent100: false,
    _expect_continue: false,
    _maxRequestsPerSocket: 0,
    locals: [Object: null prototype] {},
    [Symbol(shapeMode)]: false,
    [Symbol(kCapture)]: false,
    [Symbol(kBytesWritten)]: 0,
    [Symbol(kNeedDrain)]: false,
    [Symbol(corked)]: 0,
    [Symbol(kChunkedBuffer)]: [],
    [Symbol(kChunkedLength)]: 0,
    [Symbol(kSocket)]: [Socket],
    [Symbol(kOutHeaders)]: [Object: null prototype],
    [Symbol(errored)]: null,
    [Symbol(kHighWaterMark)]: 16384,
    [Symbol(kRejectNonStandardBodyWrites)]: false,
    [Symbol(kUniqueHeaders)]: null
  }
}
updatePath: ''
[2025-02-28 15:17:00] ERROR: updateTaskStatus - TaskID: [object Object] - Error: a circular reference in the update value, updateValue:
{
  status: ServerResponse {
    _events: [Object: null prototype],
    _eventsCount: 1,
    _maxListeners: undefined,
    outputData: [],
    outputSize: 0,
    writable: true,
    destroyed: false,
    _last: false,
    chunkedEncoding: false,
    shouldKeepAlive: true,
    maxRequestsOnConnectionReached: false,
    _defaultKeepAlive: true,
    useChunkedEncodingByDefault: true,
    sendDate: true,
    _removedConnection: false,
    _removedContLen: false,
    _removedTE: false,
    strictContentLength: false,
    _contentLength: null,
    _hasBody: true,
    _trailer: '',
    finished: false,
    _headerSent: false,
    _closed: false,
    _header: null,
    _keepAliveTimeout: 5000,
    _onPendingData: [Function: bound updateOutgoingData],
    req: [IncomingMessage],
    _sent100: false,
    _expect_continue: false,
    _maxRequestsPerSocket: 0,
    locals: [Object: null prototype] {},
    [Symbol(shapeMode)]: false,
    [Symbol(kCapture)]: false,
    [Symbol(kBytesWritten)]: 0,
    [Symbol(kNeedDrain)]: false,
    [Symbol(corked)]: 0,
    [Symbol(kChunkedBuffer)]: [],
    [Symbol(kChunkedLength)]: 0,
    [Symbol(kSocket)]: [Socket],
    [Symbol(kOutHeaders)]: [Object: null prototype],
    [Symbol(errored)]: null,
    [Symbol(kHighWaterMark)]: 16384,
    [Symbol(kRejectNonStandardBodyWrites)]: false,
    [Symbol(kUniqueHeaders)]: null
  }
}
updatePath: ''
[2025-02-28 15:17:00] ERROR: updateTaskStatus - TaskID: [object Object] - Error: a circular reference in the update value, updateValue:
{
  status: ServerResponse {
    _events: [Object: null prototype],
    _eventsCount: 1,
    _maxListeners: undefined,
    outputData: [],
    outputSize: 0,
    writable: true,
    destroyed: false,
    _last: false,
    chunkedEncoding: false,
    shouldKeepAlive: true,
    maxRequestsOnConnectionReached: false,
    _defaultKeepAlive: true,
    useChunkedEncodingByDefault: true,
    sendDate: true,
    _removedConnection: false,
    _removedContLen: false,
    _removedTE: false,
    strictContentLength: false,
    _contentLength: null,
    _hasBody: true,
    _trailer: '',
    finished: false,
    _headerSent: false,
    _closed: false,
    _header: null,
    _keepAliveTimeout: 5000,
    _onPendingData: [Function: bound updateOutgoingData],
    req: [IncomingMessage],
    _sent100: false,
    _expect_continue: false,
    _maxRequestsPerSocket: 0,
    locals: [Object: null prototype] {},
    [Symbol(shapeMode)]: false,
    [Symbol(kCapture)]: false,
    [Symbol(kBytesWritten)]: 0,
    [Symbol(kNeedDrain)]: false,
    [Symbol(corked)]: 0,
    [Symbol(kChunkedBuffer)]: [],
    [Symbol(kChunkedLength)]: 0,
    [Symbol(kSocket)]: [Socket],
    [Symbol(kOutHeaders)]: [Object: null prototype],
    [Symbol(errored)]: null,
    [Symbol(kHighWaterMark)]: 16384,
    [Symbol(kRejectNonStandardBodyWrites)]: false,
    [Symbol(kUniqueHeaders)]: null
  }
}
updatePath: ''
[2025-02-28 15:17:00] ERROR: updateTaskStatus - TaskID: [object Object] - Error: a circular reference in the update value, updateValue:
{
  status: ServerResponse {
    _events: [Object: null prototype],
    _eventsCount: 1,
    _maxListeners: undefined,
    outputData: [],
    outputSize: 0,
    writable: true,
    destroyed: false,
    _last: false,
    chunkedEncoding: false,
    shouldKeepAlive: true,
    maxRequestsOnConnectionReached: false,
    _defaultKeepAlive: true,
    useChunkedEncodingByDefault: true,
    sendDate: true,
    _removedConnection: false,
    _removedContLen: false,
    _removedTE: false,
    strictContentLength: false,
    _contentLength: null,
    _hasBody: true,
    _trailer: '',
    finished: false,
    _headerSent: false,
    _closed: false,
    _header: null,
    _keepAliveTimeout: 5000,
    _onPendingData: [Function: bound updateOutgoingData],
    req: [IncomingMessage],
    _sent100: false,
    _expect_continue: false,
    _maxRequestsPerSocket: 0,
    locals: [Object: null prototype] {},
    [Symbol(shapeMode)]: false,
    [Symbol(kCapture)]: false,
    [Symbol(kBytesWritten)]: 0,
    [Symbol(kNeedDrain)]: false,
    [Symbol(corked)]: 0,
    [Symbol(kChunkedBuffer)]: [],
    [Symbol(kChunkedLength)]: 0,
    [Symbol(kSocket)]: [Socket],
    [Symbol(kOutHeaders)]: [Object: null prototype],
    [Symbol(errored)]: null,
    [Symbol(kHighWaterMark)]: 16384,
    [Symbol(kRejectNonStandardBodyWrites)]: false,
    [Symbol(kUniqueHeaders)]: null
  }
}
updatePath: ''
[2025-02-28 16:18:03] ERROR: createTask - UserID: undefined - Error: Task validation failed: userId: Path `userId` is required., description: Path `description` is required., title: Path `title` is required., taskID: Path `taskID` is required.
[2025-02-28 16:18:04] ERROR: createTask - UserID: undefined - Error: Task validation failed: userId: Path `userId` is required., description: Path `description` is required., title: Path `title` is required., taskID: Path `taskID` is required.
[2025-02-28 16:18:04] ERROR: createTask - UserID: undefined - Error: Task validation failed: userId: Path `userId` is required., description: Path `description` is required., title: Path `title` is required., taskID: Path `taskID` is required.
[2025-02-28 16:18:29] ERROR: createTask - UserID: undefined - Error: Task validation failed: userId: Path `userId` is required., description: Path `description` is required., title: Path `title` is required., taskID: Path `taskID` is required.
[2025-02-28 16:18:29] ERROR: createTask - UserID: undefined - Error: Task validation failed: userId: Path `userId` is required., description: Path `description` is required., title: Path `title` is required., taskID: Path `taskID` is required.
[2025-02-28 16:18:29] ERROR: createTask - UserID: undefined - Error: Task validation failed: userId: Path `userId` is required., description: Path `description` is required., title: Path `title` is required., taskID: Path `taskID` is required.
[2025-02-28 17:19:51] ERROR: createTask - UserID: undefined - Error: Task validation failed: userId: Path `userId` is required., description: Path `description` is required., title: Path `title` is required., taskID: Path `taskID` is required.
[2025-02-28 17:19:52] ERROR: createTask - UserID: undefined - Error: Task validation failed: userId: Path `userId` is required., description: Path `description` is required., title: Path `title` is required., taskID: Path `taskID` is required.
[2025-02-28 17:19:52] ERROR: createTask - UserID: undefined - Error: Task validation failed: userId: Path `userId` is required., description: Path `description` is required., title: Path `title` is required., taskID: Path `taskID` is required.
[2025-02-28 17:19:52] ERROR: createTask - UserID: undefined - Error: Task validation failed: userId: Path `userId` is required., description: Path `description` is required., title: Path `title` is required., taskID: Path `taskID` is required.
[2025-02-28 17:20:37] ERROR: createTask - UserID: undefined - Error: Task validation failed: userId: Path `userId` is required., description: Path `description` is required., title: Path `title` is required., taskID: Path `taskID` is required.
[2025-02-28 17:20:39] ERROR: createTask - UserID: undefined - Error: Task validation failed: userId: Path `userId` is required., description: Path `description` is required., title: Path `title` is required., taskID: Path `taskID` is required.
[2025-02-28 17:20:40] ERROR: createTask - UserID: undefined - Error: Task validation failed: userId: Path `userId` is required., description: Path `description` is required., title: Path `title` is required., taskID: Path `taskID` is required.
[2025-02-28 17:20:40] ERROR: createTask - UserID: undefined - Error: Task validation failed: userId: Path `userId` is required., description: Path `description` is required., title: Path `title` is required., taskID: Path `taskID` is required.
[2025-02-28 17:20:41] ERROR: createTask - UserID: undefined - Error: Task validation failed: userId: Path `userId` is required., description: Path `description` is required., title: Path `title` is required., taskID: Path `taskID` is required.
[2025-02-28 17:20:41] ERROR: createTask - UserID: undefined - Error: Task validation failed: userId: Path `userId` is required., description: Path `description` is required., title: Path `title` is required., taskID: Path `taskID` is required.
[2025-02-28 17:23:03] ERROR: createTask - UserID: undefined - Error: Task validation failed: userId: Path `userId` is required., description: Path `description` is required., title: Path `title` is required., taskID: Path `taskID` is required.
[2025-02-28 17:24:53] ERROR: createTask - UserID: undefined - Error: Task validation failed: userId: Path `userId` is required., description: Path `description` is required., title: Path `title` is required., taskID: Path `taskID` is required.
[2025-02-28 17:25:04] ERROR: createTask - UserID: undefined - Error: Task validation failed: userId: Path `userId` is required., description: Path `description` is required., title: Path `title` is required., taskID: Path `taskID` is required.
[2025-02-28 17:25:04] ERROR: createTask - UserID: undefined - Error: Task validation failed: userId: Path `userId` is required., description: Path `description` is required., title: Path `title` is required., taskID: Path `taskID` is required.
[2025-02-28 17:25:05] ERROR: createTask - UserID: undefined - Error: Task validation failed: userId: Path `userId` is required., description: Path `description` is required., title: Path `title` is required., taskID: Path `taskID` is required.
[2025-02-28 17:25:41] ERROR: createTask - UserID: undefined - Error: Task validation failed: userId: Path `userId` is required., description: Path `description` is required., title: Path `title` is required., taskID: Path `taskID` is required.
[2025-02-28 17:27:13] ERROR: createTask - UserID: undefined - Error: Task validation failed: userId: Path `userId` is required., description: Path `description` is required., title: Path `title` is required., taskID: Path `taskID` is required.
[2025-02-28 17:28:45] ERROR: createTask - UserID: undefined - Error: Task validation failed: userId: Path `userId` is required., description: Path `description` is required., title: Path `title` is required., taskID: Path `taskID` is required.
[2025-02-28 17:28:52] ERROR: createTask - UserID: undefined - Error: Task validation failed: userId: Path `userId` is required., description: Path `description` is required., title: Path `title` is required., taskID: Path `taskID` is required.
[2025-02-28 17:46:46] ERROR: createTask - UserID: undefined - Error: Task validation failed: userId: Path `userId` is required., description: Path `description` is required., title: Path `title` is required., taskID: Path `taskID` is required.
[2025-02-28 17:47:18] ERROR: createTask - UserID: undefined - Error: Task validation failed: userId: Path `userId` is required., description: Path `description` is required., title: Path `title` is required., taskID: Path `taskID` is required.
[2025-02-28 17:48:30] ERROR: createTask - UserID: undefined - Error: Task validation failed: userId: Path `userId` is required., description: Path `description` is required., title: Path `title` is required., taskID: Path `taskID` is required.
[2025-02-28 17:48:35] ERROR: createTask - UserID: undefined - Error: Task validation failed: userId: Path `userId` is required., description: Path `description` is required., title: Path `title` is required., taskID: Path `taskID` is required.
[2025-02-28 17:50:58] ERROR: createTask - UserID: undefined - Error: Task validation failed: userId: Path `userId` is required., description: Path `description` is required., title: Path `title` is required., taskID: Path `taskID` is required.
[2025-02-28 17:54:30] ERROR: updateTaskStatus - TaskID: [object Object] - Error: a circular reference in the update value, updateValue:
{
  status: ServerResponse {
    _events: [Object: null prototype],
    _eventsCount: 1,
    _maxListeners: undefined,
    outputData: [],
    outputSize: 0,
    writable: true,
    destroyed: false,
    _last: false,
    chunkedEncoding: false,
    shouldKeepAlive: true,
    maxRequestsOnConnectionReached: false,
    _defaultKeepAlive: true,
    useChunkedEncodingByDefault: true,
    sendDate: true,
    _removedConnection: false,
    _removedContLen: false,
    _removedTE: false,
    strictContentLength: false,
    _contentLength: null,
    _hasBody: true,
    _trailer: '',
    finished: false,
    _headerSent: false,
    _closed: false,
    _header: null,
    _keepAliveTimeout: 5000,
    _onPendingData: [Function: bound updateOutgoingData],
    req: [IncomingMessage],
    _sent100: false,
    _expect_continue: false,
    _maxRequestsPerSocket: 0,
    locals: [Object: null prototype] {},
    [Symbol(shapeMode)]: false,
    [Symbol(kCapture)]: false,
    [Symbol(kBytesWritten)]: 0,
    [Symbol(kNeedDrain)]: false,
    [Symbol(corked)]: 0,
    [Symbol(kChunkedBuffer)]: [],
    [Symbol(kChunkedLength)]: 0,
    [Symbol(kSocket)]: [Socket],
    [Symbol(kOutHeaders)]: [Object: null prototype],
    [Symbol(errored)]: null,
    [Symbol(kHighWaterMark)]: 16384,
    [Symbol(kRejectNonStandardBodyWrites)]: false,
    [Symbol(kUniqueHeaders)]: null
  }
}
updatePath: ''
[2025-02-28 17:54:31] ERROR: updateTaskStatus - TaskID: [object Object] - Error: a circular reference in the update value, updateValue:
{
  status: ServerResponse {
    _events: [Object: null prototype],
    _eventsCount: 1,
    _maxListeners: undefined,
    outputData: [],
    outputSize: 0,
    writable: true,
    destroyed: false,
    _last: false,
    chunkedEncoding: false,
    shouldKeepAlive: true,
    maxRequestsOnConnectionReached: false,
    _defaultKeepAlive: true,
    useChunkedEncodingByDefault: true,
    sendDate: true,
    _removedConnection: false,
    _removedContLen: false,
    _removedTE: false,
    strictContentLength: false,
    _contentLength: null,
    _hasBody: true,
    _trailer: '',
    finished: false,
    _headerSent: false,
    _closed: false,
    _header: null,
    _keepAliveTimeout: 5000,
    _onPendingData: [Function: bound updateOutgoingData],
    req: [IncomingMessage],
    _sent100: false,
    _expect_continue: false,
    _maxRequestsPerSocket: 0,
    locals: [Object: null prototype] {},
    [Symbol(shapeMode)]: false,
    [Symbol(kCapture)]: false,
    [Symbol(kBytesWritten)]: 0,
    [Symbol(kNeedDrain)]: false,
    [Symbol(corked)]: 0,
    [Symbol(kChunkedBuffer)]: [],
    [Symbol(kChunkedLength)]: 0,
    [Symbol(kSocket)]: [Socket],
    [Symbol(kOutHeaders)]: [Object: null prototype],
    [Symbol(errored)]: null,
    [Symbol(kHighWaterMark)]: 16384,
    [Symbol(kRejectNonStandardBodyWrites)]: false,
    [Symbol(kUniqueHeaders)]: null
  }
}
updatePath: ''
[2025-02-28 17:55:23] ERROR: updateTaskStatus - TaskID: [object Object] - Error: a circular reference in the update value, updateValue:
{
  status: ServerResponse {
    _events: [Object: null prototype],
    _eventsCount: 1,
    _maxListeners: undefined,
    outputData: [],
    outputSize: 0,
    writable: true,
    destroyed: false,
    _last: false,
    chunkedEncoding: false,
    shouldKeepAlive: true,
    maxRequestsOnConnectionReached: false,
    _defaultKeepAlive: true,
    useChunkedEncodingByDefault: true,
    sendDate: true,
    _removedConnection: false,
    _removedContLen: false,
    _removedTE: false,
    strictContentLength: false,
    _contentLength: null,
    _hasBody: true,
    _trailer: '',
    finished: false,
    _headerSent: false,
    _closed: false,
    _header: null,
    _keepAliveTimeout: 5000,
    _onPendingData: [Function: bound updateOutgoingData],
    req: [IncomingMessage],
    _sent100: false,
    _expect_continue: false,
    _maxRequestsPerSocket: 0,
    locals: [Object: null prototype] {},
    [Symbol(shapeMode)]: false,
    [Symbol(kCapture)]: false,
    [Symbol(kBytesWritten)]: 0,
    [Symbol(kNeedDrain)]: false,
    [Symbol(corked)]: 0,
    [Symbol(kChunkedBuffer)]: [],
    [Symbol(kChunkedLength)]: 0,
    [Symbol(kSocket)]: [Socket],
    [Symbol(kOutHeaders)]: [Object: null prototype],
    [Symbol(errored)]: null,
    [Symbol(kHighWaterMark)]: 16384,
    [Symbol(kRejectNonStandardBodyWrites)]: false,
    [Symbol(kUniqueHeaders)]: null
  }
}
updatePath: ''
[2025-02-28 17:58:38] ERROR: updateTaskStatus - TaskID: [object Object] - Error: a circular reference in the update value, updateValue:
{
  status: ServerResponse {
    _events: [Object: null prototype],
    _eventsCount: 1,
    _maxListeners: undefined,
    outputData: [],
    outputSize: 0,
    writable: true,
    destroyed: false,
    _last: false,
    chunkedEncoding: false,
    shouldKeepAlive: true,
    maxRequestsOnConnectionReached: false,
    _defaultKeepAlive: true,
    useChunkedEncodingByDefault: true,
    sendDate: true,
    _removedConnection: false,
    _removedContLen: false,
    _removedTE: false,
    strictContentLength: false,
    _contentLength: null,
    _hasBody: true,
    _trailer: '',
    finished: false,
    _headerSent: false,
    _closed: false,
    _header: null,
    _keepAliveTimeout: 5000,
    _onPendingData: [Function: bound updateOutgoingData],
    req: [IncomingMessage],
    _sent100: false,
    _expect_continue: false,
    _maxRequestsPerSocket: 0,
    locals: [Object: null prototype] {},
    [Symbol(shapeMode)]: false,
    [Symbol(kCapture)]: false,
    [Symbol(kBytesWritten)]: 0,
    [Symbol(kNeedDrain)]: false,
    [Symbol(corked)]: 0,
    [Symbol(kChunkedBuffer)]: [],
    [Symbol(kChunkedLength)]: 0,
    [Symbol(kSocket)]: [Socket],
    [Symbol(kOutHeaders)]: [Object: null prototype],
    [Symbol(errored)]: null,
    [Symbol(kHighWaterMark)]: 16384,
    [Symbol(kRejectNonStandardBodyWrites)]: false,
    [Symbol(kUniqueHeaders)]: null
  }
}
updatePath: ''
[2025-02-28 18:24:43] ERROR: updateTaskStatus - TaskID: [object Object] - Error: a circular reference in the update value, updateValue:
{
  status: ServerResponse {
    _events: [Object: null prototype],
    _eventsCount: 1,
    _maxListeners: undefined,
    outputData: [],
    outputSize: 0,
    writable: true,
    destroyed: false,
    _last: false,
    chunkedEncoding: false,
    shouldKeepAlive: true,
    maxRequestsOnConnectionReached: false,
    _defaultKeepAlive: true,
    useChunkedEncodingByDefault: true,
    sendDate: true,
    _removedConnection: false,
    _removedContLen: false,
    _removedTE: false,
    strictContentLength: false,
    _contentLength: null,
    _hasBody: true,
    _trailer: '',
    finished: false,
    _headerSent: false,
    _closed: false,
    _header: null,
    _keepAliveTimeout: 5000,
    _onPendingData: [Function: bound updateOutgoingData],
    req: [IncomingMessage],
    _sent100: false,
    _expect_continue: false,
    _maxRequestsPerSocket: 0,
    locals: [Object: null prototype] {},
    [Symbol(shapeMode)]: false,
    [Symbol(kCapture)]: false,
    [Symbol(kBytesWritten)]: 0,
    [Symbol(kNeedDrain)]: false,
    [Symbol(corked)]: 0,
    [Symbol(kChunkedBuffer)]: [],
    [Symbol(kChunkedLength)]: 0,
    [Symbol(kSocket)]: [Socket],
    [Symbol(kOutHeaders)]: [Object: null prototype],
    [Symbol(errored)]: null,
    [Symbol(kHighWaterMark)]: 16384,
    [Symbol(kRejectNonStandardBodyWrites)]: false,
    [Symbol(kUniqueHeaders)]: null
  }
}
updatePath: ''
[2025-02-28 19:24:12] ERROR: createTask - UserID: 1 - Error: Task validation failed: userId: Cast to ObjectId failed for value "1" (type string) at path "userId" because of "BSONError", description: Path `description` is required.
[2025-02-28 19:24:13] ERROR: createTask - UserID: 1 - Error: Task validation failed: userId: Cast to ObjectId failed for value "1" (type string) at path "userId" because of "BSONError", description: Path `description` is required.
[2025-02-28 19:24:14] ERROR: createTask - UserID: 1 - Error: Task validation failed: userId: Cast to ObjectId failed for value "1" (type string) at path "userId" because of "BSONError", description: Path `description` is required.
